Loading required package: Matrix
Loading required package: sp
This is INLA_24.06.27 built 2024-06-27 02:36:04 UTC.
 - See www.r-inla.org/contact-us for how to get help.
 - List available models/likelihoods/etc with inla.list.models()
 - Use inla.doc(<NAME>) to access documentation
Loading required package: graph
Loading required package: BiocGenerics

Attaching package: ‘BiocGenerics’

The following objects are masked from ‘package:stats’:

    IQR, mad, sd, var, xtabs

The following objects are masked from ‘package:base’:

    anyDuplicated, aperm, append, as.data.frame, basename, cbind,
    colnames, dirname, do.call, duplicated, eval, evalq, Filter, Find,
    get, grep, grepl, intersect, is.unsorted, lapply, Map, mapply,
    match, mget, order, paste, pmax, pmax.int, pmin, pmin.int,
    Position, rank, rbind, Reduce, rownames, sapply, setdiff, table,
    tapply, union, unique, unsplit, which.max, which.min

Loading required package: Rgraphviz
Loading required package: grid
Loading required package: numDeriv
Package 'INLAjoint' version 24.6.5
Type 'citation("INLAjoint")' for citing this R package in publications.
Warning in joint(formLong = list(Y1 ~ timej + (1 + timej | id), Y2 ~ timej +  :
  The hyperparameters skewness correction seems abnormal, this can be a sign of an ill-defined model and/or issues with the fit.
Warning in joint(formLong = list(Y1 ~ timej + (1 + timej | id), Y2 ~ timej +  :
  Stupid local search strategy used: This can be a sign of a ill-defined model and/or non-informative data.
Warning in joint(formLong = list(Y1 ~ timej + (1 + timej | id), Y2 ~ timej +  :
  The hyperparameters skewness correction seems abnormal, this can be a sign of an ill-defined model and/or issues with the fit.
Warning in joint(formLong = list(Y1 ~ timej + (1 + timej | id), Y2 ~ timej +  :
  The hyperparameters skewness correction seems abnormal, this can be a sign of an ill-defined model and/or issues with the fit.
Warning in joint(formLong = list(Y1 ~ timej + (1 + timej | id), Y2 ~ timej +  :
  The hyperparameters skewness correction seems abnormal, this can be a sign of an ill-defined model and/or issues with the fit.
Warning in joint(formLong = list(Y1 ~ timej + (1 + timej | id), Y2 ~ timej +  :
  The hyperparameters skewness correction seems abnormal, this can be a sign of an ill-defined model and/or issues with the fit.
Warning in joint(formLong = list(Y1 ~ timej + (1 + timej | id), Y2 ~ timej +  :
  Internal correlation between hyperparameters is abnormally high, this is a sign of identifiability issues / ill-defined model. 
Warning in joint(formLong = list(Y1 ~ timej + (1 + timej | id), Y2 ~ timej +  :
  The hyperparameters skewness correction seems abnormal, this can be a sign of an ill-defined model and/or issues with the fit.
             Intercept_L1                  timej_L1              Intercept_L2 
                  0.99380                   0.20128                   0.10425 
                 timej_L2     Intercept_L1:timej_L1     Intercept_L2:timej_L2 
                  0.49768                   0.88740                   0.85411 
Intercept_L1:Intercept_L2                                                     
                  0.76026                   0.20016                  -0.09965 
                                                    
                  0.20028                  -0.09874 
             Intercept_L1                  timej_L1              Intercept_L2 
                 0.946225                  0.192425                  0.100000 
                 timej_L2     Intercept_L1:timej_L1     Intercept_L2:timej_L2 
                 0.475000                  0.877000                  0.838475 
Intercept_L1:Intercept_L2                                                     
                 0.736375                  0.140375                 -0.112525 
                                                    
                 0.195000                 -0.127525 
             Intercept_L1                  timej_L1              Intercept_L2 
                 1.036150                  0.209000                  0.109000 
                 timej_L2     Intercept_L1:timej_L1     Intercept_L2:timej_L2 
                 0.522525                  0.898000                  0.867000 
Intercept_L1:Intercept_L2                                                     
                 0.782000                  0.259150                 -0.089475 
                                                    
                 0.207050                 -0.071475 
