Loading required package: Matrix
Loading required package: sp
This is INLA_24.06.27 built 2024-06-27 02:36:04 UTC.
 - See www.r-inla.org/contact-us for how to get help.
 - List available models/likelihoods/etc with inla.list.models()
 - Use inla.doc(<NAME>) to access documentation
Loading required package: graph
Loading required package: BiocGenerics

Attaching package: ‘BiocGenerics’

The following objects are masked from ‘package:stats’:

    IQR, mad, sd, var, xtabs

The following objects are masked from ‘package:base’:

    anyDuplicated, aperm, append, as.data.frame, basename, cbind,
    colnames, dirname, do.call, duplicated, eval, evalq, Filter, Find,
    get, grep, grepl, intersect, is.unsorted, lapply, Map, mapply,
    match, mget, order, paste, pmax, pmax.int, pmin, pmin.int,
    Position, rank, rbind, Reduce, rownames, sapply, setdiff, table,
    tapply, union, unique, unsplit, which.max, which.min

Loading required package: Rgraphviz
Loading required package: grid
Loading required package: numDeriv
gsl: interp.c:83: ERROR: x values must be strictly increasing
gsl: interp.c:83: ERROR: x values must be strictly increasing
Default GSL error handler invoked.
gsl: interp.c:83: ERROR: x values must be strictly increasing
Default GSL error handler invoked.
gsl: interp.c:83: ERROR: x values must be strictly increasing
Default GSL error handler invoked.
gsl: interp.c:83: ERROR: x values must be strictly increasing
Default GSL error handler invoked.
gsl: interp.c:83: ERROR: x values must be strictly increasing
Default GSL error handler invoked.
gsl: interp.c:83: ERROR: x values must be strictly increasing
Default GSL error handler invoked.
gsl: interp.c:83: ERROR: x values must be strictly increasing

 *** inla.core.safe:  The inla program failed, but will rerun in case better initial values may help. try=1/1 

 *** inla.core.safe:  rerun with improved initial values 
 [1]  0.99612  0.19938  0.09955  0.49844  0.83123  0.83123  0.83123  0.20023
 [9] -0.09967  0.20028 -0.09874
 [1]  0.944500  0.189900  0.095000  0.475950  0.817000  0.817000  0.817000
 [8]  0.140900 -0.112525  0.195000 -0.127525
 [1]  1.037050  0.207525  0.104000  0.523525  0.845525  0.845525  0.845525
 [8]  0.259150 -0.089475  0.207050 -0.071475
