Loading required package: Matrix
Loading required package: sp
This is INLA_24.06.27 built 2024-06-27 02:36:04 UTC.
 - See www.r-inla.org/contact-us for how to get help.
 - List available models/likelihoods/etc with inla.list.models()
 - Use inla.doc(<NAME>) to access documentation
Loading required package: graph
Loading required package: BiocGenerics

Attaching package: ‘BiocGenerics’

The following objects are masked from ‘package:stats’:

    IQR, mad, sd, var, xtabs

The following objects are masked from ‘package:base’:

    anyDuplicated, aperm, append, as.data.frame, basename, cbind,
    colnames, dirname, do.call, duplicated, eval, evalq, Filter, Find,
    get, grep, grepl, intersect, is.unsorted, lapply, Map, mapply,
    match, mget, order, paste, pmax, pmax.int, pmin, pmin.int,
    Position, rank, rbind, Reduce, rownames, sapply, setdiff, table,
    tapply, union, unique, unsplit, which.max, which.min

Loading required package: Rgraphviz
Loading required package: grid
Loading required package: numDeriv
 [1]  0.99663  0.19942  0.09969  0.49893  0.89840  0.89975  0.79858  0.20023
 [9] -0.09967  0.20028 -0.09874
 [1]  0.946075  0.190425  0.095475  0.475950  0.887475  0.887475  0.781475
 [8]  0.140900 -0.112525  0.195000 -0.127525
 [1]  1.038525  0.207525  0.104000  0.523525  0.908000  0.911525  0.816000
 [8]  0.259150 -0.089475  0.207050 -0.071475
