Loading required package: Matrix
Loading required package: sp
This is INLA_24.06.27 built 2024-06-27 02:36:04 UTC.
 - See www.r-inla.org/contact-us for how to get help.
 - List available models/likelihoods/etc with inla.list.models()
 - Use inla.doc(<NAME>) to access documentation
Loading required package: graph
Loading required package: BiocGenerics

Attaching package: ‘BiocGenerics’

The following objects are masked from ‘package:stats’:

    IQR, mad, sd, var, xtabs

The following objects are masked from ‘package:base’:

    anyDuplicated, aperm, append, as.data.frame, basename, cbind,
    colnames, dirname, do.call, duplicated, eval, evalq, Filter, Find,
    get, grep, grepl, intersect, is.unsorted, lapply, Map, mapply,
    match, mget, order, paste, pmax, pmax.int, pmin, pmin.int,
    Position, rank, rbind, Reduce, rownames, sapply, setdiff, table,
    tapply, union, unique, unsplit, which.max, which.min

Loading required package: Rgraphviz
Loading required package: grid
Loading required package: numDeriv
 [1]  0.95089  0.19112  0.09460  0.47364  0.86599  0.87177  0.77920  0.19281
 [9] -0.09964  0.20007 -0.10281
 [1]  0.735175  0.147475  0.073425  0.363275  0.783275  0.798850  0.624800
 [8] -0.190900 -0.163925  0.161900 -0.275250
 [1]  1.199625  0.236000  0.115525  0.579625  0.925300  0.929300  0.880625
 [8]  0.494000 -0.039850  0.233625  0.069825
