Loading required package: Matrix
Loading required package: sp
This is INLA_24.06.27 built 2024-06-27 02:36:04 UTC.
 - See www.r-inla.org/contact-us for how to get help.
 - List available models/likelihoods/etc with inla.list.models()
 - Use inla.doc(<NAME>) to access documentation
Loading required package: graph
Loading required package: BiocGenerics

Attaching package: ‘BiocGenerics’

The following objects are masked from ‘package:stats’:

    IQR, mad, sd, var, xtabs

The following objects are masked from ‘package:base’:

    anyDuplicated, aperm, append, as.data.frame, basename, cbind,
    colnames, dirname, do.call, duplicated, eval, evalq, Filter, Find,
    get, grep, grepl, intersect, is.unsorted, lapply, Map, mapply,
    match, mget, order, paste, pmax, pmax.int, pmin, pmin.int,
    Position, rank, rbind, Reduce, rownames, sapply, setdiff, table,
    tapply, union, unique, unsplit, which.max, which.min

Loading required package: Rgraphviz
Loading required package: grid
Loading required package: numDeriv
Package 'INLAjoint' version 24.6.5
Type 'citation("INLAjoint")' for citing this R package in publications.
             Intercept_L1                  timej_L1              Intercept_L2 
                  0.99787                   0.49994                   0.99509 
                 timej_L2              Intercept_L3                  timej_L3 
                  0.49746                   0.99233                   0.49821 
             Intercept_L4                  timej_L4     Intercept_L1:timej_L1 
                  0.99295                   0.49764                   0.89768 
    Intercept_L2:timej_L2     Intercept_L3:timej_L3     Intercept_L4:timej_L4 
                  0.89689                   0.89642                   0.89688 
Intercept_L1:Intercept_L2 Intercept_L3:Intercept_L4 Intercept_L1:Intercept_L3 
                  0.79903                   0.79704                   0.59665 
Intercept_L1:Intercept_L4 Intercept_L2:Intercept_L3 Intercept_L2:Intercept_L4 
                  0.59680                   0.59708                   0.59717 
                                                                              
                  0.20192                  -0.09941                  -0.19929 
                                                                              
                  0.09872                   0.19765                  -0.09878 
                                                                              
                 -0.19519                   0.10072                   0.19712 
                                                                              
                 -0.09871                  -0.19986                   0.10396 
                                                                              
                  0.20181                  -0.09927                  -0.20380 
                          
                  0.10037 
             Intercept_L1                  timej_L1              Intercept_L2 
                 0.958950                  0.476425                  0.946850 
                 timej_L2              Intercept_L3                  timej_L3 
                 0.473000                  0.947375                  0.477000 
             Intercept_L4                  timej_L4     Intercept_L1:timej_L1 
                 0.953900                  0.472950                  0.885475 
    Intercept_L2:timej_L2     Intercept_L3:timej_L3     Intercept_L4:timej_L4 
                 0.883375                  0.885475                  0.887000 
Intercept_L1:Intercept_L2 Intercept_L3:Intercept_L4 Intercept_L1:Intercept_L3 
                 0.778475                  0.774000                  0.555275 
Intercept_L1:Intercept_L4 Intercept_L2:Intercept_L3 Intercept_L2:Intercept_L4 
                 0.552800                  0.557375                  0.556800 
                                                                              
                 0.112900                 -0.131150                 -0.251150 
                                                                              
                 0.053425                  0.107325                 -0.131050 
                                                                              
                -0.244300                  0.049325                  0.116700 
                                                                              
                -0.125050                 -0.249525                  0.052900 
                                                                              
                 0.117275                 -0.123525                 -0.256525 
                          
                 0.053950 
             Intercept_L1                  timej_L1              Intercept_L2 
                 1.040050                  0.524000                  1.036675 
                 timej_L2              Intercept_L3                  timej_L3 
                 0.521050                  1.040100                  0.522000 
             Intercept_L4                  timej_L4     Intercept_L1:timej_L1 
                 1.046200                  0.521000                  0.909050 
    Intercept_L2:timej_L2     Intercept_L3:timej_L3     Intercept_L4:timej_L4 
                 0.907525                  0.909575                  0.907000 
Intercept_L1:Intercept_L2 Intercept_L3:Intercept_L4 Intercept_L1:Intercept_L3 
                 0.820525                  0.822050                  0.636525 
Intercept_L1:Intercept_L4 Intercept_L2:Intercept_L3 Intercept_L2:Intercept_L4 
                 0.633100                  0.639100                  0.634200 
                                                                              
                 0.262150                 -0.072900                 -0.144475 
                                                                              
                 0.144000                  0.274100                 -0.067475 
                                                                              
                -0.152000                  0.147100                  0.279525 
                                                                              
                -0.074000                 -0.154375                  0.150000 
                                                                              
                 0.278300                 -0.071475                 -0.144225 
                          
                 0.150525 
